Tue Aug 20 19:28:00 2024 Logging started
Tue Aug 20 19:28:00 2024 Starting state space test-case generation
Tue Aug 20 19:28:00 2024 Configuration: 
Tue Aug 20 19:28:00 2024 Test cases   : 1
Tue Aug 20 19:28:00 2024 Completed
Tue Aug 20 19:28:00 2024 Logging stopped
Wed Aug 21 10:35:26 2024 Logging started
Wed Aug 21 10:35:26 2024 Starting state space test-case generation
Wed Aug 21 10:35:26 2024 Configuration: 
Wed Aug 21 10:35:26 2024 Test cases   : 1
Wed Aug 21 10:35:26 2024 Completed
Wed Aug 21 10:35:26 2024 Logging stopped
Wed Aug 21 10:36:02 2024 Logging started
Wed Aug 21 10:36:02 2024 Starting state space test-case generation
Wed Aug 21 10:36:02 2024 Configuration: 
Wed Aug 21 10:36:02 2024 Test cases   : 1
Wed Aug 21 10:36:02 2024 Completed
Wed Aug 21 10:36:02 2024 Logging stopped
Wed Aug 21 10:40:57 2024 Logging started
Wed Aug 21 10:40:57 2024 Starting state space test-case generation
Wed Aug 21 10:40:57 2024 Configuration: 
Wed Aug 21 10:40:57 2024 Test cases   : 1
Wed Aug 21 10:40:57 2024 Completed
Wed Aug 21 10:40:57 2024 Logging stopped
Wed Aug 21 10:41:51 2024 Logging started
Wed Aug 21 10:41:51 2024 Starting state space test-case generation
Wed Aug 21 10:41:52 2024 Configuration: 
Wed Aug 21 10:41:52 2024 Test cases   : 1
Wed Aug 21 10:41:52 2024 Completed
Wed Aug 21 10:41:52 2024 Logging stopped
